c:\users\admin\documents\visual studio 2015\projects\iot-temperature-watcher\iottemperaturewatcher\arm\debug\iottemperaturewatcher.pch
c:\users\admin\documents\visual studio 2015\projects\iot-temperature-watcher\iottemperaturewatcher\arm\debug\vc140.pdb
c:\users\admin\documents\visual studio 2015\projects\iot-temperature-watcher\iottemperaturewatcher\arm\debug\pch.obj
c:\users\admin\documents\visual studio 2015\projects\iot-temperature-watcher\iottemperaturewatcher\arm\debug\app.xaml.obj
c:\users\admin\documents\visual studio 2015\projects\iot-temperature-watcher\iottemperaturewatcher\arm\debug\xamltypeinfo.impl.g.obj
c:\users\admin\documents\visual studio 2015\projects\iot-temperature-watcher\iottemperaturewatcher\arm\debug\config.xaml.obj
c:\users\admin\documents\visual studio 2015\projects\iot-temperature-watcher\iottemperaturewatcher\arm\debug\overview.xaml.obj
c:\users\admin\documents\visual studio 2015\projects\iot-temperature-watcher\iottemperaturewatcher\arm\debug\xamltypeinfo.g.obj
c:\users\admin\documents\visual studio 2015\projects\iot-temperature-watcher\arm\debug\iottemperaturewatcher\iottemperaturewatcher.winmd
c:\users\admin\documents\visual studio 2015\projects\iot-temperature-watcher\iottemperaturewatcher\arm\debug\iottemperaturewatcher.vcxprojresolveassemblyreference.cache
c:\users\admin\documents\visual studio 2015\projects\iot-temperature-watcher\iottemperaturewatcher\generated files\app.g.h
c:\users\admin\documents\visual studio 2015\projects\iot-temperature-watcher\iottemperaturewatcher\generated files\config.g.h
c:\users\admin\documents\visual studio 2015\projects\iot-temperature-watcher\iottemperaturewatcher\generated files\overview.g.h
c:\users\admin\documents\visual studio 2015\projects\iot-temperature-watcher\iottemperaturewatcher\generated files\xamllibmetadataprovider.g.cpp
c:\users\admin\documents\visual studio 2015\projects\iot-temperature-watcher\iottemperaturewatcher\generated files\xamltypeinfo.impl.g.cpp
c:\users\admin\documents\visual studio 2015\projects\iot-temperature-watcher\iottemperaturewatcher\generated files\app.xaml
c:\users\admin\documents\visual studio 2015\projects\iot-temperature-watcher\iottemperaturewatcher\generated files\config.xaml
c:\users\admin\documents\visual studio 2015\projects\iot-temperature-watcher\iottemperaturewatcher\generated files\overview.xaml
c:\users\admin\documents\visual studio 2015\projects\iot-temperature-watcher\iottemperaturewatcher\generated files\app.xbf
c:\users\admin\documents\visual studio 2015\projects\iot-temperature-watcher\iottemperaturewatcher\generated files\config.xbf
c:\users\admin\documents\visual studio 2015\projects\iot-temperature-watcher\iottemperaturewatcher\generated files\overview.xbf
c:\users\admin\documents\visual studio 2015\projects\iot-temperature-watcher\iottemperaturewatcher\arm\debug\xamlsavestatefile.xml
c:\users\admin\documents\visual studio 2015\projects\iot-temperature-watcher\iottemperaturewatcher\generated files\xamltypeinfo.g.cpp
c:\users\admin\documents\visual studio 2015\projects\iot-temperature-watcher\arm\debug\iottemperaturewatcher\app.xbf
c:\users\admin\documents\visual studio 2015\projects\iot-temperature-watcher\arm\debug\iottemperaturewatcher\config.xbf
c:\users\admin\documents\visual studio 2015\projects\iot-temperature-watcher\arm\debug\iottemperaturewatcher\overview.xbf
c:\users\admin\documents\visual studio 2015\projects\iot-temperature-watcher\iottemperaturewatcher\arm\debug\resourcehandlingtask.state
c:\users\admin\documents\visual studio 2015\projects\iot-temperature-watcher\iottemperaturewatcher\arm\debug\priconfig.xml
c:\users\admin\documents\visual studio 2015\projects\iot-temperature-watcher\iottemperaturewatcher\arm\debug\priconfig.xml.intermediate
c:\users\admin\documents\visual studio 2015\projects\iot-temperature-watcher\iottemperaturewatcher\arm\debug\layout.resfiles
c:\users\admin\documents\visual studio 2015\projects\iot-temperature-watcher\iottemperaturewatcher\arm\debug\layout.resfiles.intermediate
c:\users\admin\documents\visual studio 2015\projects\iot-temperature-watcher\iottemperaturewatcher\arm\debug\resources.resfiles
c:\users\admin\documents\visual studio 2015\projects\iot-temperature-watcher\iottemperaturewatcher\arm\debug\resources.resfiles.intermediate
c:\users\admin\documents\visual studio 2015\projects\iot-temperature-watcher\iottemperaturewatcher\arm\debug\pri.resfiles
c:\users\admin\documents\visual studio 2015\projects\iot-temperature-watcher\iottemperaturewatcher\arm\debug\pri.resfiles.intermediate
c:\users\admin\documents\visual studio 2015\projects\iot-temperature-watcher\arm\debug\iottemperaturewatcher\resources.pri
c:\users\admin\documents\visual studio 2015\projects\iot-temperature-watcher\iottemperaturewatcher\arm\debug\qualifiers.txt
c:\users\admin\documents\visual studio 2015\projects\iot-temperature-watcher\iottemperaturewatcher\arm\debug\qualifiers.txt.intermediate
c:\users\admin\documents\visual studio 2015\projects\iot-temperature-watcher\iottemperaturewatcher\arm\debug\multiplequalifiersperdimensionfound.txt
c:\users\admin\documents\visual studio 2015\projects\iot-temperature-watcher\iottemperaturewatcher\arm\debug\projectarchitectures.txt
c:\users\admin\documents\visual studio 2015\projects\iot-temperature-watcher\arm\debug\iottemperaturewatcher\appxmanifest.xml
c:\users\admin\documents\visual studio 2015\projects\iot-temperature-watcher\arm\debug\iottemperaturewatcher\iottemperaturewatcher.build.appxrecipe
c:\users\admin\documents\visual studio 2015\projects\iot-temperature-watcher\iottemperaturewatcher\arm\debug\iottempe.a5426f70.tlog\iottemperaturewatcher.winmd.lastbuild
c:\users\admin\documents\visual studio 2015\projects\iot-temperature-watcher\arm\debug\iottemperaturewatcher\iottemperaturewatcher.ilk
c:\users\admin\documents\visual studio 2015\projects\iot-temperature-watcher\arm\debug\iottemperaturewatcher\iottemperaturewatcher.exe
c:\users\admin\documents\visual studio 2015\projects\iot-temperature-watcher\arm\debug\iottemperaturewatcher\iottemperaturewatcher.pdb
c:\users\admin\documents\visual studio 2015\projects\iot-temperature-watcher\iottemperaturewatcher\arm\debug\embed.resfiles
c:\users\admin\documents\visual studio 2015\projects\iot-temperature-watcher\iottemperaturewatcher\arm\debug\iottempe.a5426f70.tlog\cl.command.1.tlog
c:\users\admin\documents\visual studio 2015\projects\iot-temperature-watcher\iottemperaturewatcher\arm\debug\iottempe.a5426f70.tlog\cl.read.1.tlog
c:\users\admin\documents\visual studio 2015\projects\iot-temperature-watcher\iottemperaturewatcher\arm\debug\iottempe.a5426f70.tlog\cl.write.1.tlog
c:\users\admin\documents\visual studio 2015\projects\iot-temperature-watcher\iottemperaturewatcher\arm\debug\iottempe.a5426f70.tlog\iottemperaturewatcher.read.1u.tlog
c:\users\admin\documents\visual studio 2015\projects\iot-temperature-watcher\iottemperaturewatcher\arm\debug\iottempe.a5426f70.tlog\iottemperaturewatcher.write.1u.tlog
c:\users\admin\documents\visual studio 2015\projects\iot-temperature-watcher\iottemperaturewatcher\arm\debug\iottempe.a5426f70.tlog\link.command.1.tlog
c:\users\admin\documents\visual studio 2015\projects\iot-temperature-watcher\iottemperaturewatcher\arm\debug\iottempe.a5426f70.tlog\link.read.1.tlog
c:\users\admin\documents\visual studio 2015\projects\iot-temperature-watcher\iottemperaturewatcher\arm\debug\iottempe.a5426f70.tlog\link.write.1.tlog
c:\users\admin\documents\visual studio 2015\projects\iot-temperature-watcher\iottemperaturewatcher\generated files\xamlbindinginfo.g.h
c:\users\admin\documents\visual studio 2015\projects\iot-temperature-watcher\iottemperaturewatcher\generated files\xamltypeinfo.g.h
